Alfa-Beta joga em 1ยบ com Nivel B.
-------------------------------------
|     |  4|  4|  4|  4|  4|  4|     |
| 0   -------------------------   0 |
|     |  4|  4|  4|  4|  4|  4|     |
-------------------------------------
IA 1 (AB): 1
Tempo da escolha: 9.809682846069336 segundos

-------------------------------------
|     |  4|  5|  5|  5|  5|  0|     |
| 0   -------------------------   0 |
|     |  4|  4|  4|  4|  4|  4|     |
-------------------------------------
IA 2 (mM): 4
Tempo da escolha: 31.78688383102417 segundos

-------------------------------------
|     |  4|  5|  5|  5|  6|  1|     |
| 0   -------------------------   0 |
|     |  4|  4|  4|  0|  5|  5|     |
-------------------------------------
IA 1 (AB): 6
Tempo da escolha: 4.669905424118042 segundos

-------------------------------------
|     |  0|  5|  5|  5|  6|  1|     |
| 0   -------------------------   0 |
|     |  5|  5|  5|  1|  5|  5|     |
-------------------------------------
IA 2 (mM): 2
Tempo da escolha: 17.105902433395386 segundos

-------------------------------------
|     |  0|  5|  5|  5|  6|  0|     |
| 0   -------------------------   2 |
|     |  5|  0|  6|  2|  6|  6|     |
-------------------------------------
IA 1 (AB): 5
Tempo da escolha: 1.930405855178833 segundos

-------------------------------------
|     |  1|  0|  5|  5|  6|  0|     |
| 3   -------------------------   2 |
|     |  6|  1|  7|  0|  6|  6|     |
-------------------------------------
IA 2 (mM): 6
Tempo da escolha: 3.8114571571350098 segundos

-------------------------------------
|     |  0|  1|  6|  6|  7|  1|     |
| 3   -------------------------   4 |
|     |  6|  1|  7|  0|  6|  0|     |
-------------------------------------
IA 1 (AB): 2
Tempo da escolha: 1.7359941005706787 segundos

-------------------------------------
|     |  1|  2|  7|  7|  0|  1|     |
| 3   -------------------------   4 |
|     |  7|  2|  8|  0|  6|  0|     |
-------------------------------------
IA 2 (mM): 5
Tempo da escolha: 3.9862558841705322 segundos

-------------------------------------
|     |  1|  0|  8|  8|  1|  2|     |
| 3   -------------------------   7 |
|     |  7|  2|  8|  0|  0|  1|     |
-------------------------------------
IA 1 (AB): 4
Tempo da escolha: 1.490537166595459 segundos

-------------------------------------
|     |  2|  1|  0|  8|  1|  2|     |
| 5   -------------------------   7 |
|     |  8|  3|  9|  1|  1|  0|     |
-------------------------------------
IA 2 (mM): 3
Tempo da escolha: 1.8610939979553223 segundos

-------------------------------------
|     |  0|  0|  1|  9|  2|  3|     |
| 5   -------------------------  12 |
|     |  8|  3|  0|  2|  2|  1|     |
-------------------------------------
IA 1 (AB): 3
Tempo da escolha: 0.12075686454772949 segundos

-------------------------------------
|     |  1|  1|  2|  0|  2|  3|     |
|13   -------------------------  12 |
|     |  9|  4|  1|  0|  0|  0|     |
-------------------------------------
IA 2 (mM): 1
Tempo da escolha: 0.2904999256134033 segundos

-------------------------------------
|     |  1|  1|  0|  1|  3|  4|     |
|13   -------------------------  15 |
|     |  0|  5|  2|  1|  1|  1|     |
-------------------------------------
IA 1 (AB): 2
Tempo da escolha: 0.18831443786621094 segundos

-------------------------------------
|     |  1|  2|  1|  2|  0|  4|     |
|13   -------------------------  15 |
|     |  0|  5|  2|  1|  1|  1|     |
-------------------------------------
IA 2 (mM): 2
Tempo da escolha: 0.2544991970062256 segundos

-------------------------------------
|     |  1|  2|  1|  2|  0|  5|     |
|13   -------------------------  15 |
|     |  0|  0|  3|  2|  2|  2|     |
-------------------------------------
IA 1 (AB): 5
Tempo da escolha: 0.22799324989318848 segundos

-------------------------------------
|     |  2|  0|  1|  2|  0|  5|     |
|13   -------------------------  15 |
|     |  1|  0|  3|  2|  2|  2|     |
-------------------------------------
IA 2 (mM): 3
Tempo da escolha: 0.28256893157958984 segundos

-------------------------------------
|     |  2|  0|  1|  2|  0|  5|     |
|13   -------------------------  15 |
|     |  1|  0|  0|  3|  3|  3|     |
-------------------------------------
IA 1 (AB): 3
Tempo da escolha: 0.0966193675994873 segundos

-------------------------------------
|     |  2|  1|  2|  0|  0|  5|     |
|13   -------------------------  15 |
|     |  1|  0|  0|  3|  3|  3|     |
-------------------------------------
IA 2 (mM): 4
Tempo da escolha: 0.10854625701904297 segundos

-------------------------------------
|     |  2|  1|  2|  0|  0|  6|     |
|13   -------------------------  15 |
|     |  1|  0|  0|  0|  4|  4|     |
-------------------------------------
IA 1 (AB): 1
Tempo da escolha: 0.0707547664642334 segundos

-------------------------------------
|     |  3|  2|  3|  1|  1|  0|     |
|15   -------------------------  15 |
|     |  0|  0|  0|  0|  4|  4|     |
-------------------------------------
IA 2 (mM): 5
Tempo da escolha: 0.047702789306640625 segundos

-------------------------------------
|     |  3|  2|  3|  0|  0|  1|     |
|15   -------------------------  19 |
|     |  0|  0|  0|  0|  0|  5|     |
-------------------------------------
IA 1 (AB): 4
Tempo da escolha: 0.022303342819213867 segundos

-------------------------------------
|     |  4|  3|  0|  0|  0|  1|     |
|15   -------------------------  19 |
|     |  1|  0|  0|  0|  0|  5|     |
-------------------------------------
IA 2 (mM): 6
Tempo da escolha: 0.008560419082641602 segundos

-------------------------------------
|     |  4|  4|  1|  1|  1|  2|     |
|15   -------------------------  19 |
|     |  1|  0|  0|  0|  0|  0|     |
-------------------------------------
IA 1 (AB): 6
Tempo da escolha: 0.025074481964111328 segundos

-------------------------------------
|     |  0|  4|  1|  1|  1|  2|     |
|15   -------------------------  19 |
|     |  2|  1|  1|  1|  0|  0|     |
-------------------------------------
IA 2 (mM): 1
Tempo da escolha: 0.013405561447143555 segundos

-------------------------------------
|     |  0|  4|  1|  1|  1|  2|     |
|15   -------------------------  19 |
|     |  0|  2|  2|  1|  0|  0|     |
-------------------------------------
IA 1 (AB): 5
Tempo da escolha: 0.011762380599975586 segundos

-------------------------------------
|     |  1|  0|  1|  1|  1|  2|     |
|21   -------------------------  19 |
|     |  1|  0|  0|  1|  0|  0|     |
-------------------------------------
IA 2 (mM): 1
Tempo da escolha: 0.009392499923706055 segundos

-------------------------------------
|     |  1|  0|  1|  1|  1|  2|     |
|21   -------------------------  19 |
|     |  0|  1|  0|  1|  0|  0|     |
-------------------------------------
IA 1 (AB): 1
Tempo da escolha: 0.006159782409667969 segundos

-------------------------------------
|     |  1|  0|  1|  2|  2|  0|     |
|21   -------------------------  19 |
|     |  0|  1|  0|  1|  0|  0|     |
-------------------------------------
IA 2 (mM): 2
Tempo da escolha: 0.021260499954223633 segundos

-------------------------------------
|     |  1|  0|  1|  2|  2|  0|     |
|21   -------------------------  19 |
|     |  0|  0|  1|  1|  0|  0|     |
-------------------------------------
IA 1 (AB): 2
Tempo da escolha: 0.009786128997802734 segundos

-------------------------------------
|     |  1|  0|  2|  3|  0|  0|     |
|21   -------------------------  19 |
|     |  0|  0|  1|  1|  0|  0|     |
-------------------------------------
IA 2 (mM): 3
Tempo da escolha: 0.011232614517211914 segundos

-------------------------------------
|     |  1|  0|  2|  3|  0|  0|     |
|21   -------------------------  19 |
|     |  0|  0|  0|  2|  0|  0|     |
-------------------------------------
IA 1 (AB): 3
Tempo da escolha: 0.008381128311157227 segundos

-------------------------------------
|     |  2|  1|  3|  0|  0|  0|     |
|21   -------------------------  19 |
|     |  0|  0|  0|  2|  0|  0|     |
-------------------------------------
IA 2 (mM): 4
Tempo da escolha: 0.005203962326049805 segundos

-------------------------------------
|     |  2|  1|  3|  0|  0|  0|     |
|21   -------------------------  19 |
|     |  0|  0|  0|  0|  1|  1|     |
-------------------------------------
IA 1 (AB): 6
Tempo da escolha: 0.005266904830932617 segundos

-------------------------------------
|     |  0|  1|  3|  0|  0|  0|     |
|21   -------------------------  19 |
|     |  1|  1|  0|  0|  1|  1|     |
-------------------------------------
IA 2 (mM): 2
Tempo da escolha: 0.0032269954681396484 segundos

-------------------------------------
|     |  0|  1|  3|  0|  0|  0|     |
|21   -------------------------  19 |
|     |  1|  0|  1|  0|  1|  1|     |
-------------------------------------
IA 1 (AB): 4
Tempo da escolha: 0.002104043960571289 segundos

-------------------------------------
|     |  1|  2|  0|  0|  0|  0|     |
|23   -------------------------  19 |
|     |  0|  0|  1|  0|  1|  1|     |
-------------------------------------
IA 2 (mM): 3
Tempo da escolha: 0.002216815948486328 segundos

-------------------------------------
|     |  1|  2|  0|  0|  0|  0|     |
|23   -------------------------  19 |
|     |  0|  0|  0|  1|  1|  1|     |
-------------------------------------
IA 1 (AB): 5
Tempo da escolha: 0.0018351078033447266 segundos

-------------------------------------
|     |  2|  0|  0|  0|  0|  0|     |
|23   -------------------------  19 |
|     |  1|  0|  0|  1|  1|  1|     |
-------------------------------------
IA 2 (mM): 4
Tempo da escolha: 0.0020411014556884766 segundos

-------------------------------------
|     |  2|  0|  0|  0|  0|  0|     |
|23   -------------------------  19 |
|     |  1|  0|  0|  0|  2|  1|     |
-------------------------------------
IA 1 (AB): 6
Tempo da escolha: 0.0015788078308105469 segundos

-------------------------------------
|     |  0|  0|  0|  0|  0|  0|     |
|23   -------------------------  19 |
|     |  2|  1|  0|  0|  2|  1|     |
-------------------------------------
IA 2 (mM): 5
Tempo da escolha: 0.0019080638885498047 segundos

-------------------------------------
|     |  0|  0|  0|  0|  0|  1|     |
|23   -------------------------  19 |
|     |  2|  1|  0|  0|  0|  2|     |
-------------------------------------
IA 1 (AB): 1
Tempo da escolha: 0.0010597705841064453 segundos

-------------------------------------
|     |  0|  0|  0|  0|  1|  0|     |
|23   -------------------------  19 |
|     |  2|  1|  0|  0|  0|  2|     |
-------------------------------------
IA 2 (mM): 6
Tempo da escolha: 0.0017864704132080078 segundos

-------------------------------------
|     |  0|  0|  0|  0|  0|  1|     |
|23   -------------------------  21 |
|     |  2|  1|  0|  0|  0|  0|     |
-------------------------------------
IA 1 (AB): 1
Tempo da escolha: 0.0003135204315185547 segundos

-------------------------------------
|     |  0|  0|  0|  0|  1|  0|     |
|23   -------------------------  21 |
|     |  2|  1|  0|  0|  0|  0|     |
-------------------------------------
IA 2 (mM): 1
Tempo da escolha: 0.00023508071899414062 segundos

-------------------------------------
|     |  0|  0|  0|  0|  1|  0|     |
|23   -------------------------  21 |
|     |  0|  2|  1|  0|  0|  0|     |
-------------------------------------
IA 1 (AB): 2
Tempo da escolha: 0.0003581047058105469 segundos

-------------------------------------
|     |  0|  0|  0|  1|  0|  0|     |
|23   -------------------------  21 |
|     |  0|  2|  1|  0|  0|  0|     |
-------------------------------------
IA 2 (mM): 2
Tempo da escolha: 0.00027179718017578125 segundos


<------ Ciclo Infinito! -------->