Alfa-Beta joga em 1ยบ com Nivel C.
-------------------------------------
|     |  4|  4|  4|  4|  4|  4|     |
| 0   -------------------------   0 |
|     |  4|  4|  4|  4|  4|  4|     |
-------------------------------------
IA 1 (AB): 6
Tempo da escolha: 39.24017524719238 segundos

-------------------------------------
|     |  0|  4|  4|  4|  4|  4|     |
| 0   -------------------------   0 |
|     |  5|  5|  5|  5|  4|  4|     |
-------------------------------------
IA 2 (mM): 3
Tempo da escolha: 22.222328424453735 segundos

-------------------------------------
|     |  0|  4|  4|  4|  5|  5|     |
| 0   -------------------------   0 |
|     |  5|  5|  0|  6|  5|  5|     |
-------------------------------------
IA 1 (AB): 4
Tempo da escolha: 14.248827934265137 segundos

-------------------------------------
|     |  1|  5|  0|  4|  5|  5|     |
| 0   -------------------------   0 |
|     |  6|  6|  0|  6|  5|  5|     |
-------------------------------------
IA 2 (mM): 4
Tempo da escolha: 10.187304735183716 segundos

-------------------------------------
|     |  1|  5|  1|  5|  6|  6|     |
| 0   -------------------------   0 |
|     |  6|  6|  0|  0|  6|  6|     |
-------------------------------------
IA 1 (AB): 3
Tempo da escolha: 7.657765865325928 segundos

-------------------------------------
|     |  2|  6|  2|  0|  6|  6|     |
| 0   -------------------------   0 |
|     |  7|  7|  0|  0|  6|  6|     |
-------------------------------------
IA 2 (mM): 6
Tempo da escolha: 8.986967086791992 segundos

-------------------------------------
|     |  0|  7|  3|  1|  7|  7|     |
| 0   -------------------------   3 |
|     |  7|  7|  0|  0|  6|  0|     |
-------------------------------------
IA 1 (AB): 5
Tempo da escolha: 2.968877077102661 segundos

-------------------------------------
|     |  1|  0|  3|  1|  7|  7|     |
| 0   -------------------------   3 |
|     |  8|  8|  1|  1|  7|  1|     |
-------------------------------------
IA 2 (mM): 1
Tempo da escolha: 5.119855880737305 segundos

-------------------------------------
|     |  1|  0|  3|  0|  8|  8|     |
| 0   -------------------------   5 |
|     |  0|  9|  2|  2|  8|  2|     |
-------------------------------------
IA 1 (AB): 2
Tempo da escolha: 0.7559669017791748 segundos

-------------------------------------
|     |  2|  1|  4|  1|  0|  8|     |
| 6   -------------------------   5 |
|     |  1| 10|  0|  0|  8|  2|     |
-------------------------------------
IA 2 (mM): 2
Tempo da escolha: 2.184183120727539 segundos

-------------------------------------
|     |  0|  0|  5|  2|  1|  9|     |
| 6   -------------------------  10 |
|     |  1|  0|  1|  1|  9|  3|     |
-------------------------------------
IA 1 (AB): 1
Tempo da escolha: 0.6551861763000488 segundos

-------------------------------------
|     |  1|  1|  6|  3|  2|  0|     |
|10   -------------------------  10 |
|     |  2|  1|  0|  0|  9|  3|     |
-------------------------------------
IA 2 (mM): 1
Tempo da escolha: 1.6365301609039307 segundos

-------------------------------------
|     |  1|  1|  6|  3|  2|  0|     |
|10   -------------------------  10 |
|     |  0|  2|  1|  0|  9|  3|     |
-------------------------------------
IA 1 (AB): 2
Tempo da escolha: 0.5095651149749756 segundos

-------------------------------------
|     |  1|  1|  7|  4|  0|  0|     |
|10   -------------------------  10 |
|     |  0|  2|  1|  0|  9|  3|     |
-------------------------------------
IA 2 (mM): 2
Tempo da escolha: 0.929823637008667 segundos

-------------------------------------
|     |  1|  1|  7|  4|  0|  0|     |
|10   -------------------------  10 |
|     |  0|  0|  2|  1|  9|  3|     |
-------------------------------------
IA 1 (AB): 4
Tempo da escolha: 0.46920013427734375 segundos

-------------------------------------
|     |  2|  2|  0|  4|  0|  0|     |
|10   -------------------------  10 |
|     |  1|  1|  3|  2| 10|  3|     |
-------------------------------------
IA 2 (mM): 3
Tempo da escolha: 0.685377836227417 segundos

-------------------------------------
|     |  2|  2|  0|  4|  0|  0|     |
|10   -------------------------  10 |
|     |  1|  1|  0|  3| 11|  4|     |
-------------------------------------
IA 1 (AB): 6
Tempo da escolha: 0.2814171314239502 segundos

-------------------------------------
|     |  0|  2|  0|  4|  0|  0|     |
|14   -------------------------  10 |
|     |  0|  0|  0|  3| 11|  4|     |
-------------------------------------
IA 2 (mM): 6
Tempo da escolha: 0.21266388893127441 segundos

-------------------------------------
|     |  0|  2|  1|  5|  1|  1|     |
|14   -------------------------  10 |
|     |  0|  0|  0|  3| 11|  0|     |
-------------------------------------
IA 1 (AB): 3
Tempo da escolha: 0.23193573951721191 segundos

-------------------------------------
|     |  1|  3|  2|  0|  1|  1|     |
|14   -------------------------  10 |
|     |  1|  1|  0|  3| 11|  0|     |
-------------------------------------
IA 2 (mM): 5
Tempo da escolha: 0.3461177349090576 segundos

-------------------------------------
|     |  2|  4|  3|  1|  2|  2|     |
|14   -------------------------  10 |
|     |  2|  2|  1|  4|  0|  1|     |
-------------------------------------
IA 1 (AB): 1
Tempo da escolha: 0.3088397979736328 segundos

-------------------------------------
|     |  2|  4|  3|  2|  3|  0|     |
|14   -------------------------  10 |
|     |  2|  2|  1|  4|  0|  1|     |
-------------------------------------
IA 2 (mM): 1
Tempo da escolha: 1.0625824928283691 segundos

-------------------------------------
|     |  2|  4|  3|  2|  3|  0|     |
|14   -------------------------  10 |
|     |  0|  3|  2|  4|  0|  1|     |
-------------------------------------
IA 1 (AB): 5
Tempo da escolha: 0.1743159294128418 segundos

-------------------------------------
|     |  3|  0|  3|  2|  3|  0|     |
|17   -------------------------  10 |
|     |  1|  4|  0|  4|  0|  1|     |
-------------------------------------
IA 2 (mM): 2
Tempo da escolha: 0.21078038215637207 segundos

-------------------------------------
|     |  3|  0|  3|  2|  3|  0|     |
|17   -------------------------  10 |
|     |  1|  0|  1|  5|  1|  2|     |
-------------------------------------
IA 1 (AB): 3
Tempo da escolha: 0.210587739944458 segundos

-------------------------------------
|     |  3|  1|  4|  0|  3|  0|     |
|17   -------------------------  10 |
|     |  1|  0|  1|  5|  1|  2|     |
-------------------------------------
IA 2 (mM): 4
Tempo da escolha: 0.14917969703674316 segundos

-------------------------------------
|     |  3|  1|  4|  1|  4|  1|     |
|17   -------------------------  10 |
|     |  1|  0|  1|  0|  2|  3|     |
-------------------------------------
IA 1 (AB): 6
Tempo da escolha: 0.06138801574707031 segundos

-------------------------------------
|     |  0|  1|  4|  1|  4|  1|     |
|19   -------------------------  10 |
|     |  2|  1|  0|  0|  2|  3|     |
-------------------------------------
IA 2 (mM): 1
Tempo da escolha: 0.051055192947387695 segundos

-------------------------------------
|     |  0|  1|  4|  1|  4|  1|     |
|19   -------------------------  10 |
|     |  0|  2|  1|  0|  2|  3|     |
-------------------------------------
IA 1 (AB): 4
Tempo da escolha: 0.019277572631835938 segundos

-------------------------------------
|     |  1|  2|  0|  1|  4|  1|     |
|22   -------------------------  10 |
|     |  1|  0|  1|  0|  2|  3|     |
-------------------------------------
IA 2 (mM): 5
Tempo da escolha: 0.011394739151000977 segundos

-------------------------------------
|     |  1|  2|  0|  1|  4|  0|     |
|22   -------------------------  12 |
|     |  1|  0|  1|  0|  0|  4|     |
-------------------------------------
IA 1 (AB): 5
Tempo da escolha: 0.013508796691894531 segundos

-------------------------------------
|     |  2|  0|  0|  1|  4|  0|     |
|24   -------------------------  12 |
|     |  0|  0|  1|  0|  0|  4|     |
-------------------------------------
IA 2 (mM): 6
Tempo da escolha: 0.015241861343383789 segundos

-------------------------------------
|     |  2|  0|  1|  2|  5|  1|     |
|24   -------------------------  12 |
|     |  0|  0|  1|  0|  0|  0|     |
-------------------------------------
IA 1 (AB): 3
Tempo da escolha: 0.02147388458251953 segundos

-------------------------------------
|     |  2|  1|  2|  0|  5|  1|     |
|24   -------------------------  12 |
|     |  0|  0|  1|  0|  0|  0|     |
-------------------------------------
IA 2 (mM): 3
Tempo da escolha: 0.007678031921386719 segundos

-------------------------------------
|     |  2|  1|  2|  0|  5|  1|     |
|24   -------------------------  12 |
|     |  0|  0|  0|  1|  0|  0|     |
-------------------------------------
IA 1 (AB): 4
Tempo da escolha: 0.01246953010559082 segundos

-------------------------------------
|     |  3|  2|  0|  0|  5|  1|     |
|24   -------------------------  12 |
|     |  0|  0|  0|  1|  0|  0|     |
-------------------------------------
IA 2 (mM): 4
Tempo da escolha: 0.006579160690307617 segundos

-------------------------------------
|     |  3|  2|  0|  0|  5|  1|     |
|24   -------------------------  12 |
|     |  0|  0|  0|  0|  1|  0|     |
-------------------------------------
IA 1 (AB): 5
Tempo da escolha: 0.014749288558959961 segundos

-------------------------------------
|     |  4|  0|  0|  0|  5|  1|     |
|24   -------------------------  12 |
|     |  1|  0|  0|  0|  1|  0|     |
-------------------------------------
IA 2 (mM): 1
Tempo da escolha: 0.009784936904907227 segundos

-------------------------------------
|     |  4|  0|  0|  0|  5|  1|     |
|24   -------------------------  12 |
|     |  0|  1|  0|  0|  1|  0|     |
-------------------------------------
IA 1 (AB): 6
Tempo da escolha: 0.0002894401550292969 segundos

-------------------------------------
|     |  0|  0|  0|  0|  5|  1|     |
|24   -------------------------  12 |
|     |  1|  2|  1|  1|  1|  0|     |
-------------------------------------
IA 2 (mM): 2
Tempo da escolha: 9.131431579589844e-05 segundos

-------------------------------------
|     |  0|  0|  0|  0|  5|  1|     |
|24   -------------------------  12 |
|     |  1|  0|  2|  2|  1|  0|     |
-------------------------------------
IA 1 (AB): 2
Tempo da escolha: 6.961822509765625e-05 segundos

Alfa-Beta venceu!
-------------------------------------
|     |  1|  1|  1|  1|  0|  1|     |
|26   -------------------------  12 |
|     |  0|  0|  2|  2|  1|  0|     |
-------------------------------------
