MiniMax joga em 1ยบ com Nivel A.
-------------------------------------
|     |  4|  4|  4|  4|  4|  4|     |
| 0   -------------------------   0 |
|     |  4|  4|  4|  4|  4|  4|     |
-------------------------------------
IA 2 (mM): 6
Tempo da escolha: 6.529148578643799 segundos

-------------------------------------
|     |  4|  4|  5|  5|  5|  5|     |
| 0   -------------------------   0 |
|     |  4|  4|  4|  4|  4|  0|     |
-------------------------------------
IA 1 (AB): 3
Tempo da escolha: 2.264193534851074 segundos

-------------------------------------
|     |  5|  5|  6|  0|  5|  5|     |
| 0   -------------------------   0 |
|     |  5|  5|  4|  4|  4|  0|     |
-------------------------------------
IA 2 (mM): 3
Tempo da escolha: 2.5361337661743164 segundos

-------------------------------------
|     |  5|  5|  6|  0|  5|  6|     |
| 0   -------------------------   0 |
|     |  5|  5|  0|  5|  5|  1|     |
-------------------------------------
IA 1 (AB): 1
Tempo da escolha: 0.9219863414764404 segundos

-------------------------------------
|     |  6|  6|  7|  1|  6|  0|     |
| 0   -------------------------   0 |
|     |  6|  5|  0|  5|  5|  1|     |
-------------------------------------
IA 2 (mM): 1
Tempo da escolha: 1.9475297927856445 segundos

-------------------------------------
|     |  6|  6|  7|  1|  6|  1|     |
| 0   -------------------------   0 |
|     |  0|  6|  1|  6|  6|  2|     |
-------------------------------------
IA 1 (AB): 6
Tempo da escolha: 0.18737554550170898 segundos

-------------------------------------
|     |  0|  6|  7|  1|  6|  1|     |
| 3   -------------------------   0 |
|     |  1|  7|  2|  7|  7|  0|     |
-------------------------------------
IA 2 (mM): 2
Tempo da escolha: 1.4318859577178955 segundos

-------------------------------------
|     |  0|  6|  7|  0|  7|  2|     |
| 3   -------------------------   2 |
|     |  1|  0|  3|  8|  8|  1|     |
-------------------------------------
IA 1 (AB): 1
Tempo da escolha: 0.5283346176147461 segundos

-------------------------------------
|     |  0|  6|  7|  1|  8|  0|     |
| 3   -------------------------   2 |
|     |  1|  0|  3|  8|  8|  1|     |
-------------------------------------
IA 2 (mM): 3
Tempo da escolha: 0.8500237464904785 segundos

-------------------------------------
|     |  0|  6|  7|  1|  8|  0|     |
| 3   -------------------------   2 |
|     |  1|  0|  0|  9|  9|  2|     |
-------------------------------------
IA 1 (AB): 2
Tempo da escolha: 0.5034499168395996 segundos

-------------------------------------
|     |  1|  7|  8|  2|  0|  0|     |
| 3   -------------------------   2 |
|     |  2|  1|  1| 10|  9|  2|     |
-------------------------------------
IA 2 (mM): 1
Tempo da escolha: 1.4742178916931152 segundos

-------------------------------------
|     |  1|  7|  8|  2|  0|  0|     |
| 3   -------------------------   2 |
|     |  0|  2|  2| 10|  9|  2|     |
-------------------------------------
IA 1 (AB): 5
Tempo da escolha: 0.32973790168762207 segundos

-------------------------------------
|     |  2|  0|  8|  2|  0|  0|     |
| 6   -------------------------   2 |
|     |  1|  3|  3| 11| 10|  0|     |
-------------------------------------
IA 2 (mM): 2
Tempo da escolha: 0.6495435237884521 segundos

-------------------------------------
|     |  2|  0|  8|  2|  0|  0|     |
| 6   -------------------------   2 |
|     |  1|  0|  4| 12| 11|  0|     |
-------------------------------------
IA 1 (AB): 6
Tempo da escolha: 0.2035374641418457 segundos

-------------------------------------
|     |  0|  0|  8|  2|  0|  0|     |
| 6   -------------------------   2 |
|     |  2|  1|  4| 12| 11|  0|     |
-------------------------------------
IA 2 (mM): 1
Tempo da escolha: 0.5917360782623291 segundos

-------------------------------------
|     |  0|  0|  8|  2|  0|  0|     |
| 6   -------------------------   2 |
|     |  0|  2|  5| 12| 11|  0|     |
-------------------------------------
IA 1 (AB): 4
Tempo da escolha: 0.18277859687805176 segundos

-------------------------------------
|     |  1|  1|  0|  2|  0|  0|     |
| 6   -------------------------   2 |
|     |  1|  3|  6| 13| 12|  1|     |
-------------------------------------
IA 2 (mM): 2
Tempo da escolha: 0.6624150276184082 segundos

-------------------------------------
|     |  1|  1|  0|  2|  0|  0|     |
| 6   -------------------------   2 |
|     |  1|  0|  7| 14| 13|  1|     |
-------------------------------------
IA 1 (AB): 3
Tempo da escolha: 0.060367584228515625 segundos

-------------------------------------
|     |  1|  2|  1|  0|  0|  0|     |
| 6   -------------------------   2 |
|     |  1|  0|  7| 14| 13|  1|     |
-------------------------------------
IA 2 (mM): 3
Tempo da escolha: 0.17174744606018066 segundos

-------------------------------------
|     |  1|  2|  0|  1|  1|  1|     |
| 6   -------------------------   4 |
|     |  1|  0|  0| 15| 14|  2|     |
-------------------------------------
IA 1 (AB): 5
Tempo da escolha: 0.06542110443115234 segundos

-------------------------------------
|     |  2|  0|  0|  1|  1|  1|     |
| 8   -------------------------   4 |
|     |  0|  0|  0| 15| 14|  2|     |
-------------------------------------
IA 2 (mM): 6
Tempo da escolha: 0.05794501304626465 segundos

-------------------------------------
|     |  2|  0|  0|  1|  0|  0|     |
| 8   -------------------------   8 |
|     |  0|  0|  0| 15| 14|  0|     |
-------------------------------------
IA 1 (AB): 6
Tempo da escolha: 0.021243572235107422 segundos

-------------------------------------
|     |  0|  0|  0|  1|  0|  0|     |
| 8   -------------------------   8 |
|     |  1|  1|  0| 15| 14|  0|     |
-------------------------------------
IA 2 (mM): 5
Tempo da escolha: 0.09144949913024902 segundos

-------------------------------------
|     |  1|  1|  1|  2|  0|  0|     |
| 8   -------------------------  12 |
|     |  2|  2|  1| 16|  0|  2|     |
-------------------------------------
IA 1 (AB): 3
Tempo da escolha: 0.05260920524597168 segundos

-------------------------------------
|     |  1|  2|  2|  0|  0|  0|     |
| 8   -------------------------  12 |
|     |  2|  2|  1| 16|  0|  2|     |
-------------------------------------
IA 2 (mM): 2
Tempo da escolha: 0.1196589469909668 segundos

-------------------------------------
|     |  1|  2|  2|  0|  0|  0|     |
| 8   -------------------------  12 |
|     |  2|  0|  2| 17|  0|  2|     |
-------------------------------------
IA 1 (AB): 5
Tempo da escolha: 0.033570051193237305 segundos

-------------------------------------
|     |  2|  0|  2|  0|  0|  0|     |
|11   -------------------------  12 |
|     |  0|  0|  2| 17|  0|  2|     |
-------------------------------------
IA 2 (mM): 3
Tempo da escolha: 0.21324634552001953 segundos

-------------------------------------
|     |  2|  0|  2|  0|  0|  0|     |
|11   -------------------------  12 |
|     |  0|  0|  0| 18|  1|  2|     |
-------------------------------------
IA 1 (AB): 6
Tempo da escolha: 0.036473751068115234 segundos

-------------------------------------
|     |  0|  0|  2|  0|  0|  0|     |
|11   -------------------------  12 |
|     |  1|  1|  0| 18|  1|  2|     |
-------------------------------------
IA 2 (mM): 6
Tempo da escolha: 0.08576512336730957 segundos

-------------------------------------
|     |  0|  0|  2|  0|  1|  1|     |
|11   -------------------------  12 |
|     |  1|  1|  0| 18|  1|  0|     |
-------------------------------------
IA 1 (AB): 4
Tempo da escolha: 9.393692016601562e-05 segundos

-------------------------------------
|     |  1|  1|  0|  0|  1|  1|     |
|11   -------------------------  12 |
|     |  1|  1|  0| 18|  1|  0|     |
-------------------------------------
IA 2 (mM): 4
Tempo da escolha: 5.030632019042969e-05 segundos

Minimax venceu!
-------------------------------------
|     |  2|  0|  0|  0|  0|  0|     |
|11   -------------------------  25 |
|     |  2|  2|  1|  0|  3|  2|     |
-------------------------------------
