Alfa-Beta joga em 1ยบ com Nivel A.
-------------------------------------
|     |  4|  4|  4|  4|  4|  4|     |
| 0   -------------------------   0 |
|     |  4|  4|  4|  4|  4|  4|     |
-------------------------------------
IA 1 (AB): 6
Tempo da escolha: 3.266554594039917 segundos

-------------------------------------
|     |  0|  4|  4|  4|  4|  4|     |
| 0   -------------------------   0 |
|     |  5|  5|  5|  5|  4|  4|     |
-------------------------------------
IA 2 (mM): 3
Tempo da escolha: 3.9303078651428223 segundos

-------------------------------------
|     |  0|  4|  4|  4|  5|  5|     |
| 0   -------------------------   0 |
|     |  5|  5|  0|  6|  5|  5|     |
-------------------------------------
IA 1 (AB): 4
Tempo da escolha: 1.7481660842895508 segundos

-------------------------------------
|     |  1|  5|  0|  4|  5|  5|     |
| 0   -------------------------   0 |
|     |  6|  6|  0|  6|  5|  5|     |
-------------------------------------
IA 2 (mM): 4
Tempo da escolha: 2.015164375305176 segundos

-------------------------------------
|     |  1|  5|  1|  5|  6|  6|     |
| 0   -------------------------   0 |
|     |  6|  6|  0|  0|  6|  6|     |
-------------------------------------
IA 1 (AB): 3
Tempo da escolha: 0.9496519565582275 segundos

-------------------------------------
|     |  2|  6|  2|  0|  6|  6|     |
| 0   -------------------------   0 |
|     |  7|  7|  0|  0|  6|  6|     |
-------------------------------------
IA 2 (mM): 6
Tempo da escolha: 1.232161045074463 segundos

-------------------------------------
|     |  0|  7|  3|  1|  7|  7|     |
| 0   -------------------------   3 |
|     |  7|  7|  0|  0|  6|  0|     |
-------------------------------------
IA 1 (AB): 5
Tempo da escolha: 0.2489931583404541 segundos

-------------------------------------
|     |  1|  0|  3|  1|  7|  7|     |
| 0   -------------------------   3 |
|     |  8|  8|  1|  1|  7|  1|     |
-------------------------------------
IA 2 (mM): 1
Tempo da escolha: 0.7105374336242676 segundos

-------------------------------------
|     |  1|  0|  3|  0|  8|  8|     |
| 0   -------------------------   5 |
|     |  0|  9|  2|  2|  8|  2|     |
-------------------------------------
IA 1 (AB): 2
Tempo da escolha: 0.1649951934814453 segundos

-------------------------------------
|     |  2|  1|  4|  1|  0|  8|     |
| 6   -------------------------   5 |
|     |  1| 10|  0|  0|  8|  2|     |
-------------------------------------
IA 2 (mM): 2
Tempo da escolha: 0.49733877182006836 segundos

-------------------------------------
|     |  0|  0|  5|  2|  1|  9|     |
| 6   -------------------------  10 |
|     |  1|  0|  1|  1|  9|  3|     |
-------------------------------------
IA 1 (AB): 3
Tempo da escolha: 0.17465972900390625 segundos

-------------------------------------
|     |  0|  1|  6|  0|  1|  9|     |
| 6   -------------------------  10 |
|     |  1|  0|  1|  1|  9|  3|     |
-------------------------------------
IA 2 (mM): 5
Tempo da escolha: 0.535517692565918 segundos

-------------------------------------
|     |  1|  2|  7|  1|  2| 10|     |
| 6   -------------------------  10 |
|     |  2|  1|  1|  1|  0|  4|     |
-------------------------------------
IA 1 (AB): 5
Tempo da escolha: 0.20023155212402344 segundos

-------------------------------------
|     |  2|  0|  7|  1|  2| 10|     |
| 9   -------------------------  10 |
|     |  0|  1|  1|  1|  0|  4|     |
-------------------------------------
IA 2 (mM): 6
Tempo da escolha: 0.2236037254333496 segundos

-------------------------------------
|     |  2|  0|  8|  2|  3| 11|     |
| 9   -------------------------  10 |
|     |  0|  1|  1|  1|  0|  0|     |
-------------------------------------
IA 1 (AB): 4
Tempo da escolha: 0.32018542289733887 segundos

-------------------------------------
|     |  3|  1|  0|  2|  3| 11|     |
| 9   -------------------------  10 |
|     |  1|  2|  2|  2|  1|  1|     |
-------------------------------------
IA 2 (mM): 2
Tempo da escolha: 0.37121033668518066 segundos

-------------------------------------
|     |  3|  1|  0|  2|  3| 11|     |
| 9   -------------------------  10 |
|     |  1|  0|  3|  3|  1|  1|     |
-------------------------------------
IA 1 (AB): 1
Tempo da escolha: 0.1424577236175537 segundos

-------------------------------------
|     |  4|  2|  1|  3|  4|  0|     |
|13   -------------------------  10 |
|     |  2|  1|  4|  4|  0|  0|     |
-------------------------------------
IA 2 (mM): 4
Tempo da escolha: 0.17172694206237793 segundos

-------------------------------------
|     |  4|  2|  1|  3|  5|  1|     |
|13   -------------------------  10 |
|     |  2|  1|  4|  0|  1|  1|     |
-------------------------------------
IA 1 (AB): 2
Tempo da escolha: 0.03701424598693848 segundos

-------------------------------------
|     |  5|  3|  2|  4|  0|  1|     |
|16   -------------------------  10 |
|     |  0|  1|  4|  0|  1|  1|     |
-------------------------------------
IA 2 (mM): 3
Tempo da escolha: 0.016414642333984375 segundos

-------------------------------------
|     |  5|  3|  2|  4|  0|  0|     |
|16   -------------------------  12 |
|     |  0|  1|  0|  1|  2|  2|     |
-------------------------------------
IA 1 (AB): 6
Tempo da escolha: 0.014772653579711914 segundos

-------------------------------------
|     |  0|  3|  2|  4|  0|  0|     |
|21   -------------------------  12 |
|     |  1|  2|  1|  0|  0|  2|     |
-------------------------------------
IA 2 (mM): 2
Tempo da escolha: 0.006041526794433594 segundos

-------------------------------------
|     |  0|  3|  2|  4|  0|  0|     |
|21   -------------------------  12 |
|     |  1|  0|  2|  1|  0|  2|     |
-------------------------------------
IA 1 (AB): 4
Tempo da escolha: 0.005911827087402344 segundos

-------------------------------------
|     |  1|  4|  0|  4|  0|  0|     |
|21   -------------------------  12 |
|     |  1|  0|  2|  1|  0|  2|     |
-------------------------------------
IA 2 (mM): 3
Tempo da escolha: 0.002777576446533203 segundos

-------------------------------------
|     |  1|  4|  0|  4|  0|  0|     |
|21   -------------------------  12 |
|     |  1|  0|  0|  2|  1|  2|     |
-------------------------------------
IA 1 (AB): 5
Tempo da escolha: 0.003034830093383789 segundos

-------------------------------------
|     |  2|  0|  0|  4|  0|  0|     |
|21   -------------------------  12 |
|     |  2|  1|  1|  2|  1|  2|     |
-------------------------------------
IA 2 (mM): 1
Tempo da escolha: 0.007593631744384766 segundos

-------------------------------------
|     |  2|  0|  0|  4|  0|  0|     |
|21   -------------------------  12 |
|     |  0|  2|  2|  2|  1|  2|     |
-------------------------------------
IA 1 (AB): 6
Tempo da escolha: 0.0015077590942382812 segundos

-------------------------------------
|     |  0|  0|  0|  4|  0|  0|     |
|24   -------------------------  12 |
|     |  1|  0|  2|  2|  1|  2|     |
-------------------------------------
IA 2 (mM): 3
Tempo da escolha: 0.00015306472778320312 segundos

-------------------------------------
|     |  0|  0|  0|  4|  0|  0|     |
|24   -------------------------  12 |
|     |  1|  0|  0|  3|  2|  2|     |
-------------------------------------
IA 1 (AB): 3
Tempo da escolha: 4.57763671875e-05 segundos

Alfa-Beta venceu!
-------------------------------------
|     |  1|  1|  1|  0|  0|  0|     |
|26   -------------------------  12 |
|     |  0|  0|  0|  3|  2|  2|     |
-------------------------------------
