MiniMax joga em 1ยบ com Nivel B.
-------------------------------------
|     |  4|  4|  4|  4|  4|  4|     |
| 0   -------------------------   0 |
|     |  4|  4|  4|  4|  4|  4|     |
-------------------------------------
IA 2 (mM): 4
Tempo da escolha: 26.9116051197052 segundos

-------------------------------------
|     |  4|  4|  4|  4|  5|  5|     |
| 0   -------------------------   0 |
|     |  4|  4|  4|  0|  5|  5|     |
-------------------------------------
IA 1 (AB): 5
Tempo da escolha: 5.207972288131714 segundos

-------------------------------------
|     |  5|  0|  4|  4|  5|  5|     |
| 0   -------------------------   0 |
|     |  5|  5|  5|  0|  5|  5|     |
-------------------------------------
IA 2 (mM): 6
Tempo da escolha: 10.519835233688354 segundos

-------------------------------------
|     |  5|  1|  5|  5|  6|  6|     |
| 0   -------------------------   0 |
|     |  5|  5|  5|  0|  5|  0|     |
-------------------------------------
IA 1 (AB): 2
Tempo da escolha: 2.9446659088134766 segundos

-------------------------------------
|     |  6|  2|  6|  6|  0|  6|     |
| 0   -------------------------   0 |
|     |  6|  6|  5|  0|  5|  0|     |
-------------------------------------
IA 2 (mM): 3
Tempo da escolha: 6.983225584030151 segundos

-------------------------------------
|     |  6|  2|  6|  6|  1|  7|     |
| 0   -------------------------   0 |
|     |  6|  6|  0|  1|  6|  1|     |
-------------------------------------
IA 1 (AB): 4
Tempo da escolha: 0.46035194396972656 segundos

-------------------------------------
|     |  7|  3|  0|  6|  1|  7|     |
| 2   -------------------------   0 |
|     |  7|  7|  1|  0|  6|  1|     |
-------------------------------------
IA 2 (mM): 1
Tempo da escolha: 4.4416584968566895 segundos

-------------------------------------
|     |  7|  3|  0|  6|  0|  8|     |
| 2   -------------------------   2 |
|     |  0|  8|  2|  1|  7|  2|     |
-------------------------------------
IA 1 (AB): 3
Tempo da escolha: 0.5229485034942627 segundos

-------------------------------------
|     |  8|  4|  1|  0|  0|  8|     |
| 5   -------------------------   2 |
|     |  1|  9|  0|  1|  7|  2|     |
-------------------------------------
IA 2 (mM): 5
Tempo da escolha: 2.7662770748138428 segundos

-------------------------------------
|     |  9|  5|  2|  1|  1|  9|     |
| 5   -------------------------   2 |
|     |  1|  9|  0|  1|  0|  3|     |
-------------------------------------
IA 1 (AB): 1
Tempo da escolha: 1.8245956897735596 segundos

-------------------------------------
|     | 10|  6|  3|  2|  2|  0|     |
| 7   -------------------------   2 |
|     |  2| 10|  1|  0|  0|  3|     |
-------------------------------------
IA 2 (mM): 6
Tempo da escolha: 3.0435688495635986 segundos

-------------------------------------
|     | 10|  6|  3|  0|  0|  1|     |
| 7   -------------------------   8 |
|     |  2| 10|  1|  0|  0|  0|     |
-------------------------------------
IA 1 (AB): 4
Tempo da escolha: 0.10695075988769531 segundos

-------------------------------------
|     | 11|  7|  0|  0|  0|  1|     |
|10   -------------------------   8 |
|     |  0| 10|  1|  0|  0|  0|     |
-------------------------------------
IA 2 (mM): 2
Tempo da escolha: 0.18546795845031738 segundos

-------------------------------------
|     | 12|  8|  1|  1|  1|  2|     |
|10   -------------------------   8 |
|     |  0|  0|  2|  1|  1|  1|     |
-------------------------------------
IA 1 (AB): 1
Tempo da escolha: 0.3083181381225586 segundos

-------------------------------------
|     | 12|  8|  1|  2|  2|  0|     |
|10   -------------------------   8 |
|     |  0|  0|  2|  1|  1|  1|     |
-------------------------------------
IA 2 (mM): 3
Tempo da escolha: 0.14741778373718262 segundos

-------------------------------------
|     | 12|  8|  1|  2|  2|  0|     |
|10   -------------------------   8 |
|     |  0|  0|  0|  2|  2|  1|     |
-------------------------------------
IA 1 (AB): 2
Tempo da escolha: 0.18625664710998535 segundos

-------------------------------------
|     | 12|  8|  2|  3|  0|  0|     |
|10   -------------------------   8 |
|     |  0|  0|  0|  2|  2|  1|     |
-------------------------------------
IA 2 (mM): 5
Tempo da escolha: 0.19597077369689941 segundos

-------------------------------------
|     | 12|  8|  2|  3|  0|  1|     |
|10   -------------------------   8 |
|     |  0|  0|  0|  2|  0|  2|     |
-------------------------------------
IA 1 (AB): 4
Tempo da escolha: 0.0661618709564209 segundos

-------------------------------------
|     | 13|  9|  0|  3|  0|  1|     |
|10   -------------------------   8 |
|     |  0|  0|  0|  2|  0|  2|     |
-------------------------------------
IA 2 (mM): 6
Tempo da escolha: 0.07674860954284668 segundos

-------------------------------------
|     | 13|  9|  0|  3|  1|  2|     |
|10   -------------------------   8 |
|     |  0|  0|  0|  2|  0|  0|     |
-------------------------------------
IA 1 (AB): 5
Tempo da escolha: 0.05377483367919922 segundos

-------------------------------------
|     | 14|  0|  0|  3|  2|  3|     |
|10   -------------------------   8 |
|     |  1|  1|  1|  3|  1|  1|     |
-------------------------------------
IA 2 (mM): 4
Tempo da escolha: 0.0422968864440918 segundos

-------------------------------------
|     | 14|  0|  0|  3|  2|  4|     |
|10   -------------------------   8 |
|     |  1|  1|  1|  0|  2|  2|     |
-------------------------------------
IA 1 (AB): 6
Tempo da escolha: 0.0048983097076416016 segundos

-------------------------------------
|     |  0|  1|  1|  4|  3|  5|     |
|19   -------------------------   8 |
|     |  0|  0|  0|  1|  3|  3|     |
-------------------------------------
IA 2 (mM): 5
Tempo da escolha: 0.0898585319519043 segundos

-------------------------------------
|     |  0|  1|  1|  4|  4|  6|     |
|19   -------------------------   8 |
|     |  0|  0|  0|  1|  0|  4|     |
-------------------------------------
IA 1 (AB): 1
Tempo da escolha: 0.0029206275939941406 segundos

-------------------------------------
|     |  1|  2|  2|  5|  5|  0|     |
|19   -------------------------   8 |
|     |  1|  0|  0|  1|  0|  4|     |
-------------------------------------
IA 2 (mM): 6
Tempo da escolha: 0.006684303283691406 segundos

-------------------------------------
|     |  1|  2|  0|  6|  6|  1|     |
|19   -------------------------  11 |
|     |  1|  0|  0|  1|  0|  0|     |
-------------------------------------
IA 1 (AB): 5
Tempo da escolha: 0.0052073001861572266 segundos

-------------------------------------
|     |  2|  0|  0|  6|  6|  1|     |
|21   -------------------------  11 |
|     |  0|  0|  0|  1|  0|  0|     |
-------------------------------------
IA 2 (mM): 4
Tempo da escolha: 0.011884689331054688 segundos

-------------------------------------
|     |  2|  0|  0|  6|  6|  1|     |
|21   -------------------------  11 |
|     |  0|  0|  0|  0|  1|  0|     |
-------------------------------------
IA 1 (AB): 2
Tempo da escolha: 0.014231681823730469 segundos

-------------------------------------
|     |  3|  1|  1|  7|  0|  1|     |
|21   -------------------------  11 |
|     |  1|  1|  0|  0|  1|  0|     |
-------------------------------------
IA 2 (mM): 1
Tempo da escolha: 0.01355123519897461 segundos

-------------------------------------
|     |  3|  1|  1|  7|  0|  1|     |
|21   -------------------------  11 |
|     |  0|  2|  0|  0|  1|  0|     |
-------------------------------------
IA 1 (AB): 3
Tempo da escolha: 0.009589672088623047 segundos

-------------------------------------
|     |  4|  2|  2|  0|  0|  1|     |
|21   -------------------------  11 |
|     |  1|  3|  1|  1|  1|  0|     |
-------------------------------------
IA 2 (mM): 2
Tempo da escolha: 0.008599519729614258 segundos

-------------------------------------
|     |  4|  2|  2|  0|  0|  1|     |
|21   -------------------------  11 |
|     |  1|  0|  2|  2|  2|  0|     |
-------------------------------------
IA 1 (AB): 5
Tempo da escolha: 0.007987260818481445 segundos

-------------------------------------
|     |  5|  0|  2|  0|  0|  1|     |
|23   -------------------------  11 |
|     |  0|  0|  2|  2|  2|  0|     |
-------------------------------------
IA 2 (mM): 3
Tempo da escolha: 0.008580684661865234 segundos

-------------------------------------
|     |  5|  0|  2|  0|  0|  1|     |
|23   -------------------------  11 |
|     |  0|  0|  0|  3|  3|  0|     |
-------------------------------------
IA 1 (AB): 6
Tempo da escolha: 0.006069660186767578 segundos

-------------------------------------
|     |  0|  0|  2|  0|  0|  1|     |
|23   -------------------------  11 |
|     |  1|  1|  1|  4|  4|  0|     |
-------------------------------------
IA 2 (mM): 5
Tempo da escolha: 0.006726503372192383 segundos

-------------------------------------
|     |  0|  0|  2|  1|  1|  2|     |
|23   -------------------------  11 |
|     |  1|  1|  1|  4|  0|  1|     |
-------------------------------------
IA 1 (AB): 1
Tempo da escolha: 0.0053670406341552734 segundos

-------------------------------------
|     |  0|  0|  2|  2|  2|  0|     |
|23   -------------------------  11 |
|     |  1|  1|  1|  4|  0|  1|     |
-------------------------------------
IA 2 (mM): 4
Tempo da escolha: 0.005269050598144531 segundos

-------------------------------------
|     |  0|  0|  2|  2|  0|  1|     |
|23   -------------------------  14 |
|     |  1|  1|  1|  0|  1|  2|     |
-------------------------------------
IA 1 (AB): 3
Tempo da escolha: 0.006409645080566406 segundos

-------------------------------------
|     |  0|  1|  3|  0|  0|  1|     |
|23   -------------------------  14 |
|     |  1|  1|  1|  0|  1|  2|     |
-------------------------------------
IA 2 (mM): 6
Tempo da escolha: 0.0034296512603759766 segundos

-------------------------------------
|     |  0|  1|  3|  0|  1|  2|     |
|23   -------------------------  14 |
|     |  1|  1|  1|  0|  1|  0|     |
-------------------------------------
IA 1 (AB): 1
Tempo da escolha: 0.004651546478271484 segundos

-------------------------------------
|     |  0|  1|  3|  1|  2|  0|     |
|23   -------------------------  14 |
|     |  1|  1|  1|  0|  1|  0|     |
-------------------------------------
IA 2 (mM): 3
Tempo da escolha: 0.006514072418212891 segundos

-------------------------------------
|     |  0|  1|  3|  1|  2|  0|     |
|23   -------------------------  14 |
|     |  1|  1|  0|  1|  1|  0|     |
-------------------------------------
IA 1 (AB): 2
Tempo da escolha: 0.0024423599243164062 segundos

-------------------------------------
|     |  0|  1|  4|  2|  0|  0|     |
|23   -------------------------  14 |
|     |  1|  1|  0|  1|  1|  0|     |
-------------------------------------
IA 2 (mM): 4
Tempo da escolha: 0.003678560256958008 segundos

-------------------------------------
|     |  0|  1|  4|  2|  0|  0|     |
|23   -------------------------  14 |
|     |  1|  1|  0|  0|  2|  0|     |
-------------------------------------
IA 1 (AB): 3
Tempo da escolha: 0.0004932880401611328 segundos

-------------------------------------
|     |  0|  2|  5|  0|  0|  0|     |
|23   -------------------------  14 |
|     |  1|  1|  0|  0|  2|  0|     |
-------------------------------------
IA 2 (mM): 5
Tempo da escolha: 0.0008034706115722656 segundos

-------------------------------------
|     |  0|  2|  5|  0|  0|  1|     |
|23   -------------------------  14 |
|     |  1|  1|  0|  0|  0|  1|     |
-------------------------------------
IA 1 (AB): 5
Tempo da escolha: 0.0004703998565673828 segundos

Alfa-Beta venceu!
-------------------------------------
|     |  1|  0|  5|  0|  0|  1|     |
|25   -------------------------  14 |
|     |  0|  1|  0|  0|  0|  1|     |
-------------------------------------
