MiniMax joga em 1ยบ com Nivel C.
-------------------------------------
|     |  4|  4|  4|  4|  4|  4|     |
| 0   -------------------------   0 |
|     |  4|  4|  4|  4|  4|  4|     |
-------------------------------------
IA 2 (mM): 4
Tempo da escolha: 37.62862491607666 segundos

-------------------------------------
|     |  4|  4|  4|  4|  5|  5|     |
| 0   -------------------------   0 |
|     |  4|  4|  4|  0|  5|  5|     |
-------------------------------------
IA 1 (AB): 5
Tempo da escolha: 19.7855007648468 segundos

-------------------------------------
|     |  5|  0|  4|  4|  5|  5|     |
| 0   -------------------------   0 |
|     |  5|  5|  5|  0|  5|  5|     |
-------------------------------------
IA 2 (mM): 6
Tempo da escolha: 16.10802936553955 segundos

-------------------------------------
|     |  5|  1|  5|  5|  6|  6|     |
| 0   -------------------------   0 |
|     |  5|  5|  5|  0|  5|  0|     |
-------------------------------------
IA 1 (AB): 2
Tempo da escolha: 12.090563535690308 segundos

-------------------------------------
|     |  6|  2|  6|  6|  0|  6|     |
| 0   -------------------------   0 |
|     |  6|  6|  5|  0|  5|  0|     |
-------------------------------------
IA 2 (mM): 3
Tempo da escolha: 11.76417589187622 segundos

-------------------------------------
|     |  6|  2|  6|  6|  1|  7|     |
| 0   -------------------------   0 |
|     |  6|  6|  0|  1|  6|  1|     |
-------------------------------------
IA 1 (AB): 4
Tempo da escolha: 1.9591212272644043 segundos

-------------------------------------
|     |  7|  3|  0|  6|  1|  7|     |
| 2   -------------------------   0 |
|     |  7|  7|  1|  0|  6|  1|     |
-------------------------------------
IA 2 (mM): 1
Tempo da escolha: 6.725700616836548 segundos

-------------------------------------
|     |  7|  3|  0|  6|  0|  8|     |
| 2   -------------------------   2 |
|     |  0|  8|  2|  1|  7|  2|     |
-------------------------------------
IA 1 (AB): 3
Tempo da escolha: 2.5511550903320312 segundos

-------------------------------------
|     |  8|  4|  1|  0|  0|  8|     |
| 5   -------------------------   2 |
|     |  1|  9|  0|  1|  7|  2|     |
-------------------------------------
IA 2 (mM): 5
Tempo da escolha: 4.4189512729644775 segundos

-------------------------------------
|     |  9|  5|  2|  1|  1|  9|     |
| 5   -------------------------   2 |
|     |  1|  9|  0|  1|  0|  3|     |
-------------------------------------
IA 1 (AB): 1
Tempo da escolha: 7.734622478485107 segundos

-------------------------------------
|     | 10|  6|  3|  2|  2|  0|     |
| 7   -------------------------   2 |
|     |  2| 10|  1|  0|  0|  3|     |
-------------------------------------
IA 2 (mM): 6
Tempo da escolha: 6.013073444366455 segundos

-------------------------------------
|     | 10|  6|  3|  0|  0|  1|     |
| 7   -------------------------   8 |
|     |  2| 10|  1|  0|  0|  0|     |
-------------------------------------
IA 1 (AB): 4
Tempo da escolha: 0.36269450187683105 segundos

-------------------------------------
|     | 11|  7|  0|  0|  0|  1|     |
|10   -------------------------   8 |
|     |  0| 10|  1|  0|  0|  0|     |
-------------------------------------
IA 2 (mM): 2
Tempo da escolha: 0.3737449645996094 segundos

-------------------------------------
|     | 12|  8|  1|  1|  1|  2|     |
|10   -------------------------   8 |
|     |  0|  0|  2|  1|  1|  1|     |
-------------------------------------
IA 1 (AB): 1
Tempo da escolha: 1.4461381435394287 segundos

-------------------------------------
|     | 12|  8|  1|  2|  2|  0|     |
|10   -------------------------   8 |
|     |  0|  0|  2|  1|  1|  1|     |
-------------------------------------
IA 2 (mM): 3
Tempo da escolha: 0.37450075149536133 segundos

-------------------------------------
|     | 12|  8|  1|  2|  2|  0|     |
|10   -------------------------   8 |
|     |  0|  0|  0|  2|  2|  1|     |
-------------------------------------
IA 1 (AB): 2
Tempo da escolha: 1.3297359943389893 segundos

-------------------------------------
|     | 12|  8|  2|  3|  0|  0|     |
|10   -------------------------   8 |
|     |  0|  0|  0|  2|  2|  1|     |
-------------------------------------
IA 2 (mM): 5
Tempo da escolha: 0.6942617893218994 segundos

-------------------------------------
|     | 12|  8|  2|  3|  0|  1|     |
|10   -------------------------   8 |
|     |  0|  0|  0|  2|  0|  2|     |
-------------------------------------
IA 1 (AB): 4
Tempo da escolha: 0.4887552261352539 segundos

-------------------------------------
|     | 13|  9|  0|  3|  0|  1|     |
|10   -------------------------   8 |
|     |  0|  0|  0|  2|  0|  2|     |
-------------------------------------
IA 2 (mM): 6
Tempo da escolha: 0.31826329231262207 segundos

-------------------------------------
|     | 13|  9|  0|  3|  1|  2|     |
|10   -------------------------   8 |
|     |  0|  0|  0|  2|  0|  0|     |
-------------------------------------
IA 1 (AB): 5
Tempo da escolha: 0.5804147720336914 segundos

-------------------------------------
|     | 14|  0|  0|  3|  2|  3|     |
|10   -------------------------   8 |
|     |  1|  1|  1|  3|  1|  1|     |
-------------------------------------
IA 2 (mM): 4
Tempo da escolha: 0.07364130020141602 segundos

-------------------------------------
|     | 14|  0|  0|  3|  2|  4|     |
|10   -------------------------   8 |
|     |  1|  1|  1|  0|  2|  2|     |
-------------------------------------
IA 1 (AB): 6
Tempo da escolha: 0.18796086311340332 segundos

-------------------------------------
|     |  0|  1|  1|  4|  3|  5|     |
|19   -------------------------   8 |
|     |  0|  0|  0|  1|  3|  3|     |
-------------------------------------
IA 2 (mM): 5
Tempo da escolha: 0.12916874885559082 segundos

-------------------------------------
|     |  0|  1|  1|  4|  4|  6|     |
|19   -------------------------   8 |
|     |  0|  0|  0|  1|  0|  4|     |
-------------------------------------
IA 1 (AB): 1
Tempo da escolha: 0.055533409118652344 segundos

-------------------------------------
|     |  1|  2|  2|  5|  5|  0|     |
|19   -------------------------   8 |
|     |  1|  0|  0|  1|  0|  4|     |
-------------------------------------
IA 2 (mM): 6
Tempo da escolha: 0.00981283187866211 segundos

-------------------------------------
|     |  1|  2|  0|  6|  6|  1|     |
|19   -------------------------  11 |
|     |  1|  0|  0|  1|  0|  0|     |
-------------------------------------
IA 1 (AB): 5
Tempo da escolha: 0.01530003547668457 segundos

-------------------------------------
|     |  2|  0|  0|  6|  6|  1|     |
|21   -------------------------  11 |
|     |  0|  0|  0|  1|  0|  0|     |
-------------------------------------
IA 2 (mM): 4
Tempo da escolha: 0.018621206283569336 segundos

-------------------------------------
|     |  2|  0|  0|  6|  6|  1|     |
|21   -------------------------  11 |
|     |  0|  0|  0|  0|  1|  0|     |
-------------------------------------
IA 1 (AB): 2
Tempo da escolha: 0.03297686576843262 segundos

-------------------------------------
|     |  3|  1|  1|  7|  0|  1|     |
|21   -------------------------  11 |
|     |  1|  1|  0|  0|  1|  0|     |
-------------------------------------
IA 2 (mM): 1
Tempo da escolha: 0.024679899215698242 segundos

-------------------------------------
|     |  3|  1|  1|  7|  0|  1|     |
|21   -------------------------  11 |
|     |  0|  2|  0|  0|  1|  0|     |
-------------------------------------
IA 1 (AB): 3
Tempo da escolha: 0.022149085998535156 segundos

-------------------------------------
|     |  4|  2|  2|  0|  0|  1|     |
|21   -------------------------  11 |
|     |  1|  3|  1|  1|  1|  0|     |
-------------------------------------
IA 2 (mM): 2
Tempo da escolha: 0.013174772262573242 segundos

-------------------------------------
|     |  4|  2|  2|  0|  0|  1|     |
|21   -------------------------  11 |
|     |  1|  0|  2|  2|  2|  0|     |
-------------------------------------
IA 1 (AB): 5
Tempo da escolha: 0.029890775680541992 segundos

-------------------------------------
|     |  5|  0|  2|  0|  0|  1|     |
|23   -------------------------  11 |
|     |  0|  0|  2|  2|  2|  0|     |
-------------------------------------
IA 2 (mM): 3
Tempo da escolha: 0.013140201568603516 segundos

-------------------------------------
|     |  5|  0|  2|  0|  0|  1|     |
|23   -------------------------  11 |
|     |  0|  0|  0|  3|  3|  0|     |
-------------------------------------
IA 1 (AB): 6
Tempo da escolha: 0.01690077781677246 segundos

-------------------------------------
|     |  0|  0|  2|  0|  0|  1|     |
|23   -------------------------  11 |
|     |  1|  1|  1|  4|  4|  0|     |
-------------------------------------
IA 2 (mM): 5
Tempo da escolha: 0.011780261993408203 segundos

-------------------------------------
|     |  0|  0|  2|  1|  1|  2|     |
|23   -------------------------  11 |
|     |  1|  1|  1|  4|  0|  1|     |
-------------------------------------
IA 1 (AB): 1
Tempo da escolha: 0.024704933166503906 segundos

-------------------------------------
|     |  0|  0|  2|  2|  2|  0|     |
|23   -------------------------  11 |
|     |  1|  1|  1|  4|  0|  1|     |
-------------------------------------
IA 2 (mM): 4
Tempo da escolha: 0.010003089904785156 segundos

-------------------------------------
|     |  0|  0|  2|  2|  0|  1|     |
|23   -------------------------  14 |
|     |  1|  1|  1|  0|  1|  2|     |
-------------------------------------
IA 1 (AB): 3
Tempo da escolha: 0.01910853385925293 segundos

-------------------------------------
|     |  0|  1|  3|  0|  0|  1|     |
|23   -------------------------  14 |
|     |  1|  1|  1|  0|  1|  2|     |
-------------------------------------
IA 2 (mM): 6
Tempo da escolha: 0.007054328918457031 segundos

-------------------------------------
|     |  0|  1|  3|  0|  1|  2|     |
|23   -------------------------  14 |
|     |  1|  1|  1|  0|  1|  0|     |
-------------------------------------
IA 1 (AB): 1
Tempo da escolha: 0.011901617050170898 segundos

-------------------------------------
|     |  0|  1|  3|  1|  2|  0|     |
|23   -------------------------  14 |
|     |  1|  1|  1|  0|  1|  0|     |
-------------------------------------
IA 2 (mM): 3
Tempo da escolha: 0.0157930850982666 segundos

-------------------------------------
|     |  0|  1|  3|  1|  2|  0|     |
|23   -------------------------  14 |
|     |  1|  1|  0|  1|  1|  0|     |
-------------------------------------
IA 1 (AB): 2
Tempo da escolha: 0.0038535594940185547 segundos

-------------------------------------
|     |  0|  1|  4|  2|  0|  0|     |
|23   -------------------------  14 |
|     |  1|  1|  0|  1|  1|  0|     |
-------------------------------------
IA 2 (mM): 4
Tempo da escolha: 0.005556583404541016 segundos

-------------------------------------
|     |  0|  1|  4|  2|  0|  0|     |
|23   -------------------------  14 |
|     |  1|  1|  0|  0|  2|  0|     |
-------------------------------------
IA 1 (AB): 3
Tempo da escolha: 0.0006587505340576172 segundos

-------------------------------------
|     |  0|  2|  5|  0|  0|  0|     |
|23   -------------------------  14 |
|     |  1|  1|  0|  0|  2|  0|     |
-------------------------------------
IA 2 (mM): 5
Tempo da escolha: 0.0011699199676513672 segundos

-------------------------------------
|     |  0|  2|  5|  0|  0|  1|     |
|23   -------------------------  14 |
|     |  1|  1|  0|  0|  0|  1|     |
-------------------------------------
IA 1 (AB): 5
Tempo da escolha: 0.0007841587066650391 segundos

Alfa-Beta venceu!
-------------------------------------
|     |  1|  0|  5|  0|  0|  1|     |
|25   -------------------------  14 |
|     |  0|  1|  0|  0|  0|  1|     |
-------------------------------------
